<?xml version="1.0" encoding="utf-8"?><testsuites name="pytest tests"><testsuite name="pytest" errors="0" failures="0" skipped="0" tests="52" time="2.113" timestamp="2026-07-14T21:52:57.195406+08:00" hostname="0610-HW-X54"><testcase classname="tests.test_alpha_vantage_client" name="test_fetch_daily_prices_parses_and_sorts_ascending" time="0.001" /><testcase classname="tests.test_alpha_vantage_client" name="test_fetch_daily_prices_raises_on_rate_limit_note" time="0.000" /><testcase classname="tests.test_alpha_vantage_client" name="test_fetch_batch_isolates_single_ticker_failure" time="0.001" /><testcase classname="tests.test_api_companies" name="test_list_companies_empty" time="0.035" /><testcase classname="tests.test_api_companies" name="test_list_companies_records_source_ip_in_audit_log" time="0.015" /><testcase classname="tests.test_api_companies" name="test_list_companies_filters_by_market" time="0.019" /><testcase classname="tests.test_api_companies" name="test_get_financials_returns_404_for_unknown_company" time="0.013" /><testcase classname="tests.test_api_companies" name="test_get_financials_returns_latest_version_only" time="0.020" /><testcase classname="tests.test_api_companies" name="test_get_prices_returns_range" time="0.018" /><testcase classname="tests.test_api_predictions" name="test_get_latest_prediction_returns_submodel_detail" time="0.023" /><testcase classname="tests.test_api_predictions" name="test_get_latest_prediction_404_when_none_exists" time="0.017" /><testcase classname="tests.test_api_predictions" name="test_get_backtest_computes_accuracy" time="0.020" /><testcase classname="tests.test_auth" name="test_hash_api_key_is_deterministic" time="0.001" /><testcase classname="tests.test_auth" name="test_hash_api_key_differs_for_different_keys" time="0.000" /><testcase classname="tests.test_auth" name="test_missing_api_key_returns_401" time="0.008" /><testcase classname="tests.test_auth" name="test_invalid_api_key_returns_401" time="0.010" /><testcase classname="tests.test_auth" name="test_valid_read_key_returns_200" time="0.013" /><testcase classname="tests.test_auth" name="test_read_scope_cannot_call_admin_endpoint" time="0.015" /><testcase classname="tests.test_auth" name="test_admin_scope_can_call_admin_endpoint" time="0.016" /><testcase classname="tests.test_backtest" name="test_direction_and_range_hit_true_case" time="0.000" /><testcase classname="tests.test_backtest" name="test_direction_hit_false_when_wrong_direction" time="0.000" /><testcase classname="tests.test_backtest" name="test_range_hit_false_when_outside_bounds" time="0.000" /><testcase classname="tests.test_backtest" name="test_summarize_computes_rates" time="0.000" /><testcase classname="tests.test_backtest" name="test_summarize_raises_on_empty_records" time="0.000" /><testcase classname="tests.test_dashboard" name="test_dashboard_route_serves_html" time="0.060" /><testcase classname="tests.test_dashboard" name="test_dashboard_static_assets_are_served" time="0.013" /><testcase classname="tests.test_dashboard" name="test_dashboard_does_not_require_api_key" time="0.010" /><testcase classname="tests.test_ensemble" name="test_combine_keeps_submodel_details" time="0.000" /><testcase classname="tests.test_ensemble" name="test_combine_range_is_weighted_average" time="0.000" /><testcase classname="tests.test_ensemble" name="test_combine_reduces_confidence_on_direction_disagreement" time="0.000" /><testcase classname="tests.test_ensemble" name="test_combine_rejects_invalid_weights" time="0.000" /><testcase classname="tests.test_factor_model" name="test_label_direction_thresholds" time="0.001" /><testcase classname="tests.test_factor_model" name="test_fit_requires_minimum_samples" time="0.001" /><testcase classname="tests.test_factor_model" name="test_predict_output_format_and_range_ordering" time="0.116" /><testcase classname="tests.test_factor_model" name="test_predict_is_reproducible_with_fixed_random_state" time="0.127" /><testcase classname="tests.test_mops_client" name="test_parse_financial_table_extracts_all_known_fields" time="0.012" /><testcase classname="tests.test_mops_client" name="test_parse_financial_table_missing_fields_stay_none" time="0.001" /><testcase classname="tests.test_mops_client" name="test_fetch_quarterly_financials_uses_parsed_table" time="0.002" /><testcase classname="tests.test_mops_client" name="test_fetch_batch_isolates_single_ticker_failure" time="0.002" /><testcase classname="tests.test_normalizer" name="test_get_or_create_company_is_idempotent" time="0.005" /><testcase classname="tests.test_normalizer" name="test_upsert_creates_version_1_for_new_period" time="0.006" /><testcase classname="tests.test_normalizer" name="test_upsert_creates_new_version_on_restatement_and_demotes_old" time="0.008" /><testcase classname="tests.test_normalizer" name="test_missing_fields_reports_none_not_zero" time="0.000" /><testcase classname="tests.test_sec_edgar_mapping" name="test_primary_tag_is_used_when_present" time="0.001" /><testcase classname="tests.test_sec_edgar_mapping" name="test_falls_back_to_secondary_tag_when_primary_missing" time="0.000" /><testcase classname="tests.test_sec_edgar_mapping" name="test_derived_ratio_computed_from_two_tags" time="0.000" /><testcase classname="tests.test_sec_edgar_mapping" name="test_missing_period_leaves_field_none_not_zero" time="0.000" /><testcase classname="tests.test_sec_edgar_mapping" name="test_fetch_batch_isolates_single_company_failure" time="0.001" /><testcase classname="tests.test_timeseries_model" name="test_fill_missing_trading_days_forward_fills_gaps" time="0.003" /><testcase classname="tests.test_timeseries_model" name="test_fit_requires_minimum_history" time="0.001" /><testcase classname="tests.test_timeseries_model" name="test_predict_next_week_output_format" time="0.046" /><testcase classname="tests.test_timeseries_model" name="test_predict_without_fit_raises" time="0.001" /></testsuite></testsuites>